<?xml version="1.0" encoding="UTF-8"?>
<!-- Generated by org.testng.reporters.JUnitXMLReporter -->
<testsuite ignored="0" hostname="DESKTOP-2DKGC34" failures="1" tests="1" name="Surefire test" time="12.817" errors="0" timestamp="2022-02-01T19:04:03 BDT">
  <testcase classname="cucumber.api.testng.AbstractTestNGCucumberTests" name="feature" time="12.406">
    <failure type="cucumber.runtime.CucumberException" message="java.lang.NullPointerException">
      <![CDATA[cucumber.runtime.CucumberException: java.lang.NullPointerException
at cucumber.api.testng.TestNGCucumberRunner.runCucumber(TestNGCucumberRunner.java:69)
at cucumber.api.testng.AbstractTestNGCucumberTests.feature(AbstractTestNGCucumberTests.java:21)
at java.base/java.util.ArrayList.forEach(ArrayList.java:1540)
Caused by: java.lang.NullPointerException
at StepDefination.WthreeSchoolSearch.user_give_keyword_in_search_field(WthreeSchoolSearch.java:15)
at âœ½.When user give keyword in search field(WthreeSchoolSearch.feature:7)
... Removed 32 stack frames]]>
    </failure>
  </testcase> <!-- feature -->
</testsuite> <!-- Surefire test -->
